c:\users\crist\desktop\project1 using pitagora theorem for colision detection\projectdrl\project1\x64\debug\vc143.pdb
c:\users\crist\desktop\project1 using pitagora theorem for colision detection\projectdrl\project1\x64\debug\vc143.idb
c:\users\crist\desktop\project1 using pitagora theorem for colision detection\projectdrl\project1\x64\debug\pawn.obj
c:\users\crist\desktop\project1 using pitagora theorem for colision detection\projectdrl\project1\x64\debug\actor.obj
c:\users\crist\desktop\project1 using pitagora theorem for colision detection\projectdrl\project1\x64\debug\tile.obj
c:\users\crist\desktop\project1 using pitagora theorem for colision detection\projectdrl\project1\x64\debug\ball.obj
c:\users\crist\desktop\project1 using pitagora theorem for colision detection\projectdrl\project1\x64\debug\game.obj
c:\users\crist\desktop\project1 using pitagora theorem for colision detection\projectdrl\project1\x64\debug\vector2d.obj
c:\users\crist\desktop\project1 using pitagora theorem for colision detection\projectdrl\x64\debug\project1.exe
c:\users\crist\desktop\project1 using pitagora theorem for colision detection\projectdrl\project1\x64\debug\project1.ilk
c:\users\crist\desktop\project1 using pitagora theorem for colision detection\projectdrl\x64\debug\project1.pdb
c:\users\crist\desktop\project1 using pitagora theorem for colision detection\projectdrl\project1\x64\debug\buildingblocks.obj
c:\users\crist\desktop\project1 using pitagora theorem for colision detection\projectdrl\project1\x64\debug\customarray.obj
c:\users\crist\desktop\project1 using pitagora theorem for colision detection\projectdrl\project1\x64\debug\worldobject.obj
c:\users\crist\desktop\project1 using pitagora theorem for colision detection\projectdrl\project1\x64\debug\project1.tlog\cl.command.1.tlog
c:\users\crist\desktop\project1 using pitagora theorem for colision detection\projectdrl\project1\x64\debug\project1.tlog\cl.read.1.tlog
c:\users\crist\desktop\project1 using pitagora theorem for colision detection\projectdrl\project1\x64\debug\project1.tlog\cl.write.1.tlog
c:\users\crist\desktop\project1 using pitagora theorem for colision detection\projectdrl\project1\x64\debug\project1.tlog\link.command.1.tlog
c:\users\crist\desktop\project1 using pitagora theorem for colision detection\projectdrl\project1\x64\debug\project1.tlog\link.read.1.tlog
c:\users\crist\desktop\project1 using pitagora theorem for colision detection\projectdrl\project1\x64\debug\project1.tlog\link.write.1.tlog
